<?xml version="1.0" encoding="UTF-8"?>
<!-- Generated by org.testng.reporters.JUnitXMLReporter -->
<testsuite ignored="0" hostname="DESKTOP-5ONOTE7" failures="0" tests="5" name="Command line test" time="1.095" errors="0" timestamp="2021-05-19T00:28:52 AEST">
  <testcase classname="OperatorTest" name="testAddNumbers" time="0.012"/>
  <testcase classname="OperatorTest" name="testAddNumbersPlus" time="1.002"/>
  <testcase classname="OperatorTest" name="testDivideNumbers" time="0.0"/>
  <testcase classname="OperatorTest" name="testMultiplyNumbers" time="0.0"/>
  <testcase classname="OperatorTest" name="testSubtractNumbers" time="0.001"/>
</testsuite> <!-- Command line test -->
