<?xml version="1.0" encoding="UTF-8"?>
<testng-results ignored="0" total="5" passed="5" failed="0" skipped="0">
  <reporter-output>
  </reporter-output>
  <suite started-at="2021-05-19T00:28:51 AEST" name="OperatorTest" finished-at="2021-05-19T00:28:52 AEST" duration-ms="1095">
    <groups>
      <group name="addition_group">
        <method signature="OperatorTest.testAddNumbers()[pri:0, instance:OperatorTest@2de8284b]" name="testAddNumbers" class="OperatorTest"/>
        <method signature="OperatorTest.testAddNumbersPlus()[pri:0, instance:OperatorTest@2de8284b]" name="testAddNumbersPlus" class="OperatorTest"/>
      </group> <!-- addition_group -->
    </groups>
    <test started-at="2021-05-19T00:28:51 AEST" name="Command line test" finished-at="2021-05-19T00:28:52 AEST" duration-ms="1095">
      <class name="OperatorTest">
        <test-method signature="testAddNumbers()[pri:0, instance:OperatorTest@2de8284b]" started-at="2021-05-19T00:28:51 AEST" name="testAddNumbers" finished-at="2021-05-19T00:28:51 AEST" duration-ms="12" status="PASS">
          <reporter-output>
          </reporter-output>
        </test-method> <!-- testAddNumbers -->
        <test-method signature="testAddNumbersPlus()[pri:0, instance:OperatorTest@2de8284b]" started-at="2021-05-19T00:28:51 AEST" name="testAddNumbersPlus" finished-at="2021-05-19T00:28:52 AEST" duration-ms="1002" status="PASS">
          <reporter-output>
          </reporter-output>
        </test-method> <!-- testAddNumbersPlus -->
        <test-method signature="testDivideNumbers()[pri:0, instance:OperatorTest@2de8284b]" started-at="2021-05-19T00:28:52 AEST" name="testDivideNumbers" finished-at="2021-05-19T00:28:52 AEST" duration-ms="0" status="PASS">
          <reporter-output>
          </reporter-output>
        </test-method> <!-- testDivideNumbers -->
        <test-method signature="testMultiplyNumbers()[pri:0, instance:OperatorTest@2de8284b]" started-at="2021-05-19T00:28:52 AEST" name="testMultiplyNumbers" finished-at="2021-05-19T00:28:52 AEST" duration-ms="0" status="PASS">
          <reporter-output>
          </reporter-output>
        </test-method> <!-- testMultiplyNumbers -->
        <test-method signature="testSubtractNumbers()[pri:0, instance:OperatorTest@2de8284b]" started-at="2021-05-19T00:28:52 AEST" name="testSubtractNumbers" finished-at="2021-05-19T00:28:52 AEST" duration-ms="1" status="PASS">
          <reporter-output>
          </reporter-output>
        </test-method> <!-- testSubtractNumbers -->
      </class> <!-- OperatorTest -->
    </test> <!-- Command line test -->
  </suite> <!-- OperatorTest -->
</testng-results>
