<?xml version="1.0" encoding="UTF-8" ?>
<testsuite tests="5" failures="0" name="OperatorTest" time="1.017" errors="0" skipped="0">
  <properties>
[...]
</properties>
  <testcase classname="OperatorTest" name="testAddNumbers" time="0.016"/>
  <testcase classname="OperatorTest" name="testAddNumbersPlus" time="1"/>
  <testcase classname="OperatorTest" name="testDivideNumbers" time="0"/>
  <testcase classname="OperatorTest" name="testMultiplyNumbers" time="0.001"/>
  <testcase classname="OperatorTest" name="testSubtractNumbers" time="0"/>
</testsuite>